<?xml version="1.0" encoding="UTF-8"?>
<!-- Generated by org.testng.reporters.JUnitReportReporter -->
<testsuite hostname="RAYAN" failures="0" tests="1" name="Fish_TestRunner.Fish_TestRunner" time="6.026" errors="0" timestamp="2023-09-29T18:36:05 EDT" skipped="0">
  <testcase classname="Fish_TestRunner.Fish_TestRunner" name="feature" time="6.026"/>
</testsuite> <!-- Fish_TestRunner.Fish_TestRunner -->
